3 0x0000000000010000 (0x0010041b) x 8 0x0000000000000001
3 0x0000000000010004 (0x01f41413) x 8 0x0000000080000000
3 0x0000000000010008 (0xf1402573) x10 0x0000000000000000
3 0x000000000001000c (0x00000597) x11 0x000000000001000c
3 0x0000000000010010 (0x07458593) x11 0x0000000000010080
3 0x0000000000010014 (0x00040067)
3 0x0000000080000000 (0x00000093) x 1 0x0000000000000000
3 0x0000000080000002 (0x00000113) x 2 0x0000000000000000
3 0x0000000080000004 (0x00000193) x 3 0x0000000000000000
3 0x0000000080000006 (0x00000213) x 4 0x0000000000000000
3 0x0000000080000008 (0x00000293) x 5 0x0000000000000000
3 0x000000008000000a (0x00000313) x 6 0x0000000000000000
3 0x000000008000000c (0x00000393) x 7 0x0000000000000000
3 0x000000008000000e (0x00000413) x 8 0x0000000000000000
3 0x0000000080000010 (0x00000493) x 9 0x0000000000000000
3 0x0000000080000012 (0x00000513) x10 0x0000000000000000
3 0x0000000080000014 (0x00000593) x11 0x0000000000000000
3 0x0000000080000016 (0x00000613) x12 0x0000000000000000
3 0x0000000080000018 (0x00000693) x13 0x0000000000000000
3 0x000000008000001a (0x00000713) x14 0x0000000000000000
3 0x000000008000001c (0x00000793) x15 0x0000000000000000
3 0x000000008000001e (0x00000813) x16 0x0000000000000000
3 0x0000000080000020 (0x00000893) x17 0x0000000000000000
3 0x0000000080000022 (0x00000913) x18 0x0000000000000000
3 0x0000000080000024 (0x00000993) x19 0x0000000000000000
3 0x0000000080000026 (0x00000a13) x20 0x0000000000000000
3 0x0000000080000028 (0x00000a93) x21 0x0000000000000000
3 0x000000008000002a (0x00000b13) x22 0x0000000000000000
3 0x000000008000002c (0x00000b93) x23 0x0000000000000000
3 0x000000008000002e (0x00000c13) x24 0x0000000000000000
3 0x0000000080000030 (0x00000c93) x25 0x0000000000000000
3 0x0000000080000032 (0x00000d13) x26 0x0000000000000000
3 0x0000000080000034 (0x00000d93) x27 0x0000000000000000
3 0x0000000080000036 (0x00000e13) x28 0x0000000000000000
3 0x0000000080000038 (0x00000e93) x29 0x0000000000000000
3 0x000000008000003a (0x00000f13) x30 0x0000000000000000
3 0x000000008000003c (0x00000f93) x31 0x0000000000000000
3 0x000000008000003e (0x0001e2b7) x 5 0x000000000001e000
3 0x0000000080000040 (0x3002a073)
3 0x0000000080000044 (0x00100293) x 5 0x0000000000000001
3 0x0000000080000046 (0x01f29293) x 5 0x0000000080000000
3 0x0000000080000048 (0x0002d863)
3 0x0000000080000058 (0x00000297) x 5 0x0000000080000058
3 0x000000008000005c (0x03828293) x 5 0x0000000080000090
3 0x0000000080000060 (0x30529073)
3 0x0000000080000064 (0x00003197) x 3 0x0000000080003064
3 0x0000000080000068 (0x9a418193) x 3 0x0000000080002a08
3 0x000000008000006c (0xfb718213) x 4 0x00000000800029bf
3 0x0000000080000070 (0xfc027213) x 4 0x0000000080002980
3 0x0000000080000074 (0xf1402573) x10 0x0000000000000000
3 0x0000000080000078 (0x00100593) x11 0x0000000000000001
3 0x000000008000007a (0x00b57063)
3 0x000000008000007e (0x01151613) x12 0x0000000000000000
3 0x0000000080000082 (0x00c20233) x 4 0x0000000080002980
3 0x0000000080000084 (0x00150113) x 2 0x0000000000000001
3 0x0000000080000088 (0x01111113) x 2 0x0000000000020000
3 0x000000008000008a (0x00410133) x 2 0x0000000080022980
3 0x000000008000008c (0x1f70106f)
3 0x0000000080001a82 (0xf4010113) x 2 0x00000000800228c0
3 0x0000000080001a84 (0x0a813823)
3 0x0000000080001a86 (0x0a913423)
3 0x0000000080001a88 (0x00020493) x 9 0x0000000080002980
3 0x0000000080001a8c (0x00020413) x 8 0x0000000080002980
3 0x0000000080001a90 (0x40848433) x 8 0x0000000000000000
3 0x0000000080001a94 (0x03f10793) x15 0x00000000800228ff
3 0x0000000080001a98 (0x0b213023)
3 0x0000000080001a9a (0x09313c23)
3 0x0000000080001a9c (0x00a00933) x18 0x0000000000000000
3 0x0000000080001a9e (0x00b009b3) x19 0x0000000000000001
3 0x0000000080001aa0 (0x00400533) x10 0x0000000080002980
3 0x0000000080001aa2 (0x00800633) x12 0x0000000000000000
3 0x0000000080001aa4 (0xf7818593) x11 0x0000000080002980
3 0x0000000080001aa8 (0x0a113c23)
3 0x0000000080001aaa (0x09413823)
3 0x0000000080001aac (0x09513423)
3 0x0000000080001aae (0x00400a33) x20 0x0000000080002980
3 0x0000000080001ab0 (0xfc07fa93) x21 0x00000000800228c0
3 0x0000000080001ab4 (0xf47ff0ef) x 1 0x0000000080001ab8
3 0x00000000800019fa (0x00c5e7b3) x15 0x0000000080002980
3 0x00000000800019fe (0x00a7e7b3) x15 0x0000000080002980
3 0x0000000080001a00 (0x0077f793) x15 0x0000000000000000
3 0x0000000080001a02 (0x00c506b3) x13 0x0000000080002980
3 0x0000000080001a06 (0x00078e63)
3 0x0000000080001a22 (0xfed57fe3)
3 0x0000000080001a20 (0x00008067)
3 0x0000000080001ab8 (0x04420613) x12 0x00000000800029c4
3 0x0000000080001abc (0x40960633) x12 0x0000000000000044
3 0x0000000080001abe (0x00000593) x11 0x0000000000000000
3 0x0000000080001ac0 (0x008a0533) x10 0x0000000080002980
3 0x0000000080001ac4 (0xf79ff0ef) x 1 0x0000000080001ac8
3 0x0000000080001a3c (0x00c567b3) x15 0x00000000800029c4
3 0x0000000080001a40 (0x0077f793) x15 0x0000000000000004
3 0x0000000080001a42 (0x00a60633) x12 0x00000000800029c4
3 0x0000000080001a44 (0x0ff5f593) x11 0x0000000000000000
3 0x0000000080001a48 (0x00078a63)
3 0x0000000080001a4a (0x00a007b3) x15 0x0000000080002980
3 0x0000000080001a4c (0x02c57a63)
3 0x0000000080001a50 (0x00178793) x15 0x0000000080002981
3 0x0000000080001a52 (0xfeb78fa3)
3 0x0000000080001a56 (0xfef61de3)
3 0x0000000080001a50 (0x00178793) x15 0x0000000080002982
3 0x0000000080001a52 (0xfeb78fa3)
3 0x0000000080001a56 (0xfef61de3)
3 0x0000000080001a50 (0x00178793) x15 0x0000000080002983
3 0x0000000080001a52 (0xfeb78fa3)
3 0x0000000080001a56 (0xfef61de3)
3 0x0000000080001a50 (0x00178793) x15 0x0000000080002984
3 0x0000000080001a52 (0xfeb78fa3)
3 0x0000000080001a56 (0xfef61de3)
3 0x0000000080001a50 (0x00178793) x15 0x0000000080002985
3 0x0000000080001a52 (0xfeb78fa3)
3 0x0000000080001a56 (0xfef61de3)
3 0x0000000080001a50 (0x00178793) x15 0x0000000080002986
3 0x0000000080001a52 (0xfeb78fa3)
3 0x0000000080001a56 (0xfef61de3)
3 0x0000000080001a50 (0x00178793) x15 0x0000000080002987
3 0x0000000080001a52 (0xfeb78fa3)
3 0x0000000080001a56 (0xfef61de3)
3 0x0000000080001a50 (0x00178793) x15 0x0000000080002988
3 0x0000000080001a52 (0xfeb78fa3)
3 0x0000000080001a56 (0xfef61de3)
3 0x0000000080001a50 (0x00178793) x15 0x0000000080002989
3 0x0000000080001a52 (0xfeb78fa3)
3 0x0000000080001a56 (0xfef61de3)
3 0x0000000080001a50 (0x00178793) x15 0x000000008000298a
3 0x0000000080001a52 (0xfeb78fa3)
3 0x0000000080001a56 (0xfef61de3)
3 0x0000000080001a50 (0x00178793) x15 0x000000008000298b
3 0x0000000080001a52 (0xfeb78fa3)
3 0x0000000080001a56 (0xfef61de3)
3 0x0000000080001a50 (0x00178793) x15 0x000000008000298c
3 0x0000000080001a52 (0xfeb78fa3)
3 0x0000000080001a56 (0xfef61de3)
3 0x0000000080001a50 (0x00178793) x15 0x000000008000298d
3 0x0000000080001a52 (0xfeb78fa3)
3 0x0000000080001a56 (0xfef61de3)
3 0x0000000080001a50 (0x00178793) x15 0x000000008000298e
3 0x0000000080001a52 (0xfeb78fa3)
3 0x0000000080001a56 (0xfef61de3)
3 0x0000000080001a50 (0x00178793) x15 0x000000008000298f
3 0x0000000080001a52 (0xfeb78fa3)
3 0x0000000080001a56 (0xfef61de3)
3 0x0000000080001a50 (0x00178793) x15 0x0000000080002990
3 0x0000000080001a52 (0xfeb78fa3)
3 0x0000000080001a56 (0xfef61de3)
3 0x0000000080001a50 (0x00178793) x15 0x0000000080002991
3 0x0000000080001a52 (0xfeb78fa3)
3 0x0000000080001a56 (0xfef61de3)
3 0x0000000080001a50 (0x00178793) x15 0x0000000080002992
3 0x0000000080001a52 (0xfeb78fa3)
3 0x0000000080001a56 (0xfef61de3)
3 0x0000000080001a50 (0x00178793) x15 0x0000000080002993
3 0x0000000080001a52 (0xfeb78fa3)
3 0x0000000080001a56 (0xfef61de3)
3 0x0000000080001a50 (0x00178793) x15 0x0000000080002994
3 0x0000000080001a52 (0xfeb78fa3)
3 0x0000000080001a56 (0xfef61de3)
3 0x0000000080001a50 (0x00178793) x15 0x0000000080002995
3 0x0000000080001a52 (0xfeb78fa3)
3 0x0000000080001a56 (0xfef61de3)
3 0x0000000080001a50 (0x00178793) x15 0x0000000080002996
3 0x0000000080001a52 (0xfeb78fa3)
3 0x0000000080001a56 (0xfef61de3)
3 0x0000000080001a50 (0x00178793) x15 0x0000000080002997
3 0x0000000080001a52 (0xfeb78fa3)
3 0x0000000080001a56 (0xfef61de3)
3 0x0000000080001a50 (0x00178793) x15 0x0000000080002998
3 0x0000000080001a52 (0xfeb78fa3)
3 0x0000000080001a56 (0xfef61de3)
3 0x0000000080001a50 (0x00178793) x15 0x0000000080002999
3 0x0000000080001a52 (0xfeb78fa3)
3 0x0000000080001a56 (0xfef61de3)
3 0x0000000080001a50 (0x00178793) x15 0x000000008000299a
3 0x0000000080001a52 (0xfeb78fa3)
3 0x0000000080001a56 (0xfef61de3)
3 0x0000000080001a50 (0x00178793) x15 0x000000008000299b
3 0x0000000080001a52 (0xfeb78fa3)
3 0x0000000080001a56 (0xfef61de3)
3 0x0000000080001a50 (0x00178793) x15 0x000000008000299c
3 0x0000000080001a52 (0xfeb78fa3)
3 0x0000000080001a56 (0xfef61de3)
3 0x0000000080001a50 (0x00178793) x15 0x000000008000299d
3 0x0000000080001a52 (0xfeb78fa3)
3 0x0000000080001a56 (0xfef61de3)
3 0x0000000080001a50 (0x00178793) x15 0x000000008000299e
3 0x0000000080001a52 (0xfeb78fa3)
3 0x0000000080001a56 (0xfef61de3)
3 0x0000000080001a50 (0x00178793) x15 0x000000008000299f
3 0x0000000080001a52 (0xfeb78fa3)
3 0x0000000080001a56 (0xfef61de3)
3 0x0000000080001a50 (0x00178793) x15 0x00000000800029a0
3 0x0000000080001a52 (0xfeb78fa3)
3 0x0000000080001a56 (0xfef61de3)
3 0x0000000080001a50 (0x00178793) x15 0x00000000800029a1
3 0x0000000080001a52 (0xfeb78fa3)
3 0x0000000080001a56 (0xfef61de3)
3 0x0000000080001a50 (0x00178793) x15 0x00000000800029a2
3 0x0000000080001a52 (0xfeb78fa3)
3 0x0000000080001a56 (0xfef61de3)
3 0x0000000080001a50 (0x00178793) x15 0x00000000800029a3
3 0x0000000080001a52 (0xfeb78fa3)
3 0x0000000080001a56 (0xfef61de3)
3 0x0000000080001a50 (0x00178793) x15 0x00000000800029a4
3 0x0000000080001a52 (0xfeb78fa3)
3 0x0000000080001a56 (0xfef61de3)
3 0x0000000080001a50 (0x00178793) x15 0x00000000800029a5
3 0x0000000080001a52 (0xfeb78fa3)
3 0x0000000080001a56 (0xfef61de3)
3 0x0000000080001a50 (0x00178793) x15 0x00000000800029a6
3 0x0000000080001a52 (0xfeb78fa3)
3 0x0000000080001a56 (0xfef61de3)
3 0x0000000080001a50 (0x00178793) x15 0x00000000800029a7
3 0x0000000080001a52 (0xfeb78fa3)
3 0x0000000080001a56 (0xfef61de3)
3 0x0000000080001a50 (0x00178793) x15 0x00000000800029a8
3 0x0000000080001a52 (0xfeb78fa3)
3 0x0000000080001a56 (0xfef61de3)
3 0x0000000080001a50 (0x00178793) x15 0x00000000800029a9
3 0x0000000080001a52 (0xfeb78fa3)
3 0x0000000080001a56 (0xfef61de3)
3 0x0000000080001a50 (0x00178793) x15 0x00000000800029aa
3 0x0000000080001a52 (0xfeb78fa3)
3 0x0000000080001a56 (0xfef61de3)
3 0x0000000080001a50 (0x00178793) x15 0x00000000800029ab
3 0x0000000080001a52 (0xfeb78fa3)
3 0x0000000080001a56 (0xfef61de3)
3 0x0000000080001a50 (0x00178793) x15 0x00000000800029ac
3 0x0000000080001a52 (0xfeb78fa3)
3 0x0000000080001a56 (0xfef61de3)
3 0x0000000080001a50 (0x00178793) x15 0x00000000800029ad
3 0x0000000080001a52 (0xfeb78fa3)
3 0x0000000080001a56 (0xfef61de3)
3 0x0000000080001a50 (0x00178793) x15 0x00000000800029ae
3 0x0000000080001a52 (0xfeb78fa3)
3 0x0000000080001a56 (0xfef61de3)
3 0x0000000080001a50 (0x00178793) x15 0x00000000800029af
3 0x0000000080001a52 (0xfeb78fa3)
3 0x0000000080001a56 (0xfef61de3)
3 0x0000000080001a50 (0x00178793) x15 0x00000000800029b0
3 0x0000000080001a52 (0xfeb78fa3)
3 0x0000000080001a56 (0xfef61de3)
3 0x0000000080001a50 (0x00178793) x15 0x00000000800029b1
3 0x0000000080001a52 (0xfeb78fa3)
3 0x0000000080001a56 (0xfef61de3)
3 0x0000000080001a50 (0x00178793) x15 0x00000000800029b2
3 0x0000000080001a52 (0xfeb78fa3)
3 0x0000000080001a56 (0xfef61de3)
3 0x0000000080001a50 (0x00178793) x15 0x00000000800029b3
3 0x0000000080001a52 (0xfeb78fa3)
3 0x0000000080001a56 (0xfef61de3)
3 0x0000000080001a50 (0x00178793) x15 0x00000000800029b4
3 0x0000000080001a52 (0xfeb78fa3)
3 0x0000000080001a56 (0xfef61de3)
3 0x0000000080001a50 (0x00178793) x15 0x00000000800029b5
3 0x0000000080001a52 (0xfeb78fa3)
3 0x0000000080001a56 (0xfef61de3)
3 0x0000000080001a50 (0x00178793) x15 0x00000000800029b6
3 0x0000000080001a52 (0xfeb78fa3)
3 0x0000000080001a56 (0xfef61de3)
3 0x0000000080001a50 (0x00178793) x15 0x00000000800029b7
3 0x0000000080001a52 (0xfeb78fa3)
3 0x0000000080001a56 (0xfef61de3)
3 0x0000000080001a50 (0x00178793) x15 0x00000000800029b8
3 0x0000000080001a52 (0xfeb78fa3)
3 0x0000000080001a56 (0xfef61de3)
3 0x0000000080001a50 (0x00178793) x15 0x00000000800029b9
3 0x0000000080001a52 (0xfeb78fa3)
3 0x0000000080001a56 (0xfef61de3)
3 0x0000000080001a50 (0x00178793) x15 0x00000000800029ba
3 0x0000000080001a52 (0xfeb78fa3)
3 0x0000000080001a56 (0xfef61de3)
3 0x0000000080001a50 (0x00178793) x15 0x00000000800029bb
3 0x0000000080001a52 (0xfeb78fa3)
3 0x0000000080001a56 (0xfef61de3)
3 0x0000000080001a50 (0x00178793) x15 0x00000000800029bc
3 0x0000000080001a52 (0xfeb78fa3)
3 0x0000000080001a56 (0xfef61de3)
3 0x0000000080001a50 (0x00178793) x15 0x00000000800029bd
3 0x0000000080001a52 (0xfeb78fa3)
3 0x0000000080001a56 (0xfef61de3)
3 0x0000000080001a50 (0x00178793) x15 0x00000000800029be
3 0x0000000080001a52 (0xfeb78fa3)
3 0x0000000080001a56 (0xfef61de3)
3 0x0000000080001a50 (0x00178793) x15 0x00000000800029bf
3 0x0000000080001a52 (0xfeb78fa3)
3 0x0000000080001a56 (0xfef61de3)
3 0x0000000080001a50 (0x00178793) x15 0x00000000800029c0
3 0x0000000080001a52 (0xfeb78fa3)
3 0x0000000080001a56 (0xfef61de3)
3 0x0000000080001a50 (0x00178793) x15 0x00000000800029c1
3 0x0000000080001a52 (0xfeb78fa3)
3 0x0000000080001a56 (0xfef61de3)
3 0x0000000080001a50 (0x00178793) x15 0x00000000800029c2
3 0x0000000080001a52 (0xfeb78fa3)
3 0x0000000080001a56 (0xfef61de3)
3 0x0000000080001a50 (0x00178793) x15 0x00000000800029c3
3 0x0000000080001a52 (0xfeb78fa3)
3 0x0000000080001a56 (0xfef61de3)
3 0x0000000080001a50 (0x00178793) x15 0x00000000800029c4
3 0x0000000080001a52 (0xfeb78fa3)
3 0x0000000080001a56 (0xfef61de3)
3 0x0000000080001a5a (0x00008067)
3 0x0000000080001ac8 (0x013005b3) x11 0x0000000000000001
3 0x0000000080001aca (0x01200533) x10 0x0000000000000000
3 0x0000000080001acc (0xda9ff0ef) x 1 0x0000000080001ad0
3 0x0000000080001874 (0x00050263)
3 0x0000000080001878 (0x00008067)
3 0x0000000080001ad0 (0x00000593) x11 0x0000000000000000
3 0x0000000080001ad2 (0x00000513) x10 0x0000000000000000
3 0x0000000080001ad4 (0x12a000ef) x 1 0x0000000080001ad8
3 0x0000000080001bfe (0x00000513) x10 0x0000000000000000
3 0x0000000080001c00 (0x00008067)
3 0x0000000080001ad8 (0x00051c63)
3 0x0000000080001ada (0x00000593) x11 0x0000000000000000
3 0x0000000080001adc (0x6be000ef) x 1 0x0000000080001ae0
3 0x000000008000219a (0xff010113) x 2 0x00000000800228b0
3 0x000000008000219c (0x00813023)
3 0x000000008000219e (0x0fff15b7) x11 0x000000000fff1000
3 0x00000000800021a2 (0x00002437) x 8 0x0000000000002000
3 0x00000000800021a4 (0x00440513) x10 0x0000000000002004
3 0x00000000800021a8 (0xfff58593) x11 0x000000000fff0fff
3 0x00000000800021aa (0x00113423)
3 0x00000000800021ac (0xa5fff0ef) x 1 0x00000000800021b0
3 0x0000000080001c0a (0x02051513) x10 0x0000200400000000
3 0x0000000080001c0c (0x02055513) x10 0x0000000000002004
3 0x0000000080001c0e (0x00b52023)
3 0x0000000080001c10 (0x00008067)
3 0x00000000800021b0 (0x00440513) x10 0x0000000000002004
3 0x00000000800021b4 (0x00400593) x11 0x0000000000000004
3 0x00000000800021b6 (0xa55ff0ef) x 1 0x00000000800021ba
3 0x0000000080001c0a (0x02051513) x10 0x0000200400000000
3 0x0000000080001c0c (0x02055513) x10 0x0000000000002004
3 0x0000000080001c0e (0x00b52023)
3 0x0000000080001c10 (0x00008067)
3 0x00000000800021ba (0x00aac5b7) x11 0x0000000000aac000
3 0x00000000800021be (0xbcc58593) x11 0x0000000000aabbcc
3 0x00000000800021c2 (0x00440513) x10 0x0000000000002004
3 0x00000000800021c6 (0xa45ff0ef) x 1 0x00000000800021ca
3 0x0000000080001c0a (0x02051513) x10 0x0000200400000000
3 0x0000000080001c0c (0x02055513) x10 0x0000000000002004
3 0x0000000080001c0e (0x00b52023)
3 0x0000000080001c10 (0x00008067)
3 0x00000000800021ca (0x10200537) x10 0x0000000010200000
3 0x00000000800021ce (0x00450513) x10 0x0000000010200004
3 0x00000000800021d0 (0xa33ff0ef) x 1 0x00000000800021d4
3 0x0000000080001c02 (0x02051513) x10 0x1020000400000000
3 0x0000000080001c04 (0x02055513) x10 0x0000000010200004
3 0x0000000080001c06 (0x00052503) x10 0x0000000000000000
3 0x0000000080001c08 (0x00008067)
3 0x00000000800021d4 (0x0005059b) x11 0x0000000000000000
3 0x00000000800021d8 (0x00000517) x10 0x00000000800021d8
3 0x00000000800021dc (0x4a050513) x10 0x0000000080002678
3 0x00000000800021e0 (0xef4ff0ef) x 1 0x00000000800021e4
3 0x00000000800018d4 (0xfa010113) x 2 0x0000000080022850
3 0x00000000800018d6 (0x02810313) x 6 0x0000000080022878
3 0x00000000800018da (0x02b13423)
3 0x00000000800018dc (0x02c13823)
3 0x00000000800018de (0x02d13c23)
3 0x00000000800018e0 (0x00a00633) x12 0x0000000080002678
3 0x00000000800018e2 (0x006006b3) x13 0x0000000080022878
3 0x00000000800018e4 (0x00000517) x10 0x00000000800018e4
3 0x00000000800018e8 (0xe5e50513) x10 0x0000000080001742
3 0x00000000800018ec (0x00000593) x11 0x0000000000000000
3 0x00000000800018ee (0x00113c23)
3 0x00000000800018f0 (0x04e13023)
3 0x00000000800018f2 (0x04f13423)
3 0x00000000800018f4 (0x05013823)
3 0x00000000800018f6 (0x05113c23)
3 0x00000000800018f8 (0x00613423)
3 0x00000000800018fa (0xb2fff0ef) x 1 0x00000000800018fe
3 0x0000000080001428 (0xea010113) x 2 0x00000000800226f0
3 0x000000008000142a (0x14813823)
3 0x000000008000142c (0x14913423)
3 0x000000008000142e (0x15213023)
3 0x0000000080001430 (0x13413823)
3 0x0000000080001432 (0x13513423)
3 0x0000000080001434 (0x13613023)
3 0x0000000080001436 (0x14113c23)
3 0x0000000080001438 (0x13313c23)
3 0x000000008000143a (0x11713c23)
3 0x000000008000143c (0x11813823)
3 0x000000008000143e (0x11913423)
3 0x0000000080001440 (0x00a00933) x18 0x0000000080001742
3 0x0000000080001442 (0x00b004b3) x 9 0x0000000000000000
3 0x0000000080001444 (0x00c00433) x 8 0x0000000080002678
3 0x0000000080001446 (0x00d00b33) x22 0x0000000080022878
3 0x0000000080001448 (0x02500a13) x20 0x0000000000000025
3 0x000000008000144c (0x8a018a93) x21 0x00000000800022a8
3 0x0000000080001450 (0x00a0006f)
3 0x000000008000145a (0x00044503) x10 0x0000000000000074
3 0x000000008000145e (0xff451ae3)
3 0x0000000080001452 (0x04050263)
3 0x0000000080001454 (0x009005b3) x11 0x0000000000000000
3 0x0000000080001456 (0x00140413) x 8 0x0000000080002679
3 0x0000000080001458 (0x000900e7) x 1 0x000000008000145a
3 0x0000000080001742 (0x04022803) x16 0x0000000000000000
3 0x0000000080001746 (0x00020793) x15 0x0000000080002980
3 0x000000008000174a (0x010787b3) x15 0x0000000080002980
3 0x000000008000174c (0xf8010113) x 2 0x0000000080022670
3 0x000000008000174e (0x0018069b) x13 0x0000000000000001
3 0x0000000080001752 (0x04d22023)
3 0x0000000080001756 (0x00a78023)
3 0x000000008000175a (0x03f10713) x14 0x00000000800226af
3 0x000000008000175e (0x00a00793) x15 0x000000000000000a
3 0x0000000080001760 (0xfc077713) x14 0x0000000080022680
3 0x0000000080001764 (0x00f50963)
3 0x0000000080001768 (0x04000793) x15 0x0000000000000040
3 0x000000008000176c (0x00f68563)
3 0x0000000080001770 (0x00000513) x10 0x0000000000000000
3 0x0000000080001772 (0x08010113) x 2 0x00000000800226f0
3 0x0000000080001774 (0x00008067)
3 0x000000008000145a (0x00044503) x10 0x0000000000000065
3 0x000000008000145e (0xff451ae3)
3 0x0000000080001452 (0x04050263)
3 0x0000000080001454 (0x009005b3) x11 0x0000000000000000
3 0x0000000080001456 (0x00140413) x 8 0x000000008000267a
3 0x0000000080001458 (0x000900e7) x 1 0x000000008000145a
3 0x0000000080001742 (0x04022803) x16 0x0000000000000001
3 0x0000000080001746 (0x00020793) x15 0x0000000080002980
3 0x000000008000174a (0x010787b3) x15 0x0000000080002981
3 0x000000008000174c (0xf8010113) x 2 0x0000000080022670
3 0x000000008000174e (0x0018069b) x13 0x0000000000000002
3 0x0000000080001752 (0x04d22023)
3 0x0000000080001756 (0x00a78023)
3 0x000000008000175a (0x03f10713) x14 0x00000000800226af
3 0x000000008000175e (0x00a00793) x15 0x000000000000000a
3 0x0000000080001760 (0xfc077713) x14 0x0000000080022680
3 0x0000000080001764 (0x00f50963)
3 0x0000000080001768 (0x04000793) x15 0x0000000000000040
3 0x000000008000176c (0x00f68563)
3 0x0000000080001770 (0x00000513) x10 0x0000000000000000
3 0x0000000080001772 (0x08010113) x 2 0x00000000800226f0
3 0x0000000080001774 (0x00008067)
3 0x000000008000145a (0x00044503) x10 0x0000000000000073
3 0x000000008000145e (0xff451ae3)
3 0x0000000080001452 (0x04050263)
3 0x0000000080001454 (0x009005b3) x11 0x0000000000000000
3 0x0000000080001456 (0x00140413) x 8 0x000000008000267b
3 0x0000000080001458 (0x000900e7) x 1 0x000000008000145a
3 0x0000000080001742 (0x04022803) x16 0x0000000000000002
3 0x0000000080001746 (0x00020793) x15 0x0000000080002980
3 0x000000008000174a (0x010787b3) x15 0x0000000080002982
3 0x000000008000174c (0xf8010113) x 2 0x0000000080022670
3 0x000000008000174e (0x0018069b) x13 0x0000000000000003
3 0x0000000080001752 (0x04d22023)
3 0x0000000080001756 (0x00a78023)
3 0x000000008000175a (0x03f10713) x14 0x00000000800226af
3 0x000000008000175e (0x00a00793) x15 0x000000000000000a
3 0x0000000080001760 (0xfc077713) x14 0x0000000080022680
3 0x0000000080001764 (0x00f50963)
3 0x0000000080001768 (0x04000793) x15 0x0000000000000040
3 0x000000008000176c (0x00f68563)
3 0x0000000080001770 (0x00000513) x10 0x0000000000000000
3 0x0000000080001772 (0x08010113) x 2 0x00000000800226f0
3 0x0000000080001774 (0x00008067)
3 0x000000008000145a (0x00044503) x10 0x0000000000000074
3 0x000000008000145e (0xff451ae3)
3 0x0000000080001452 (0x04050263)
3 0x0000000080001454 (0x009005b3) x11 0x0000000000000000
3 0x0000000080001456 (0x00140413) x 8 0x000000008000267c
3 0x0000000080001458 (0x000900e7) x 1 0x000000008000145a
3 0x0000000080001742 (0x04022803) x16 0x0000000000000003
3 0x0000000080001746 (0x00020793) x15 0x0000000080002980
3 0x000000008000174a (0x010787b3) x15 0x0000000080002983
3 0x000000008000174c (0xf8010113) x 2 0x0000000080022670
3 0x000000008000174e (0x0018069b) x13 0x0000000000000004
3 0x0000000080001752 (0x04d22023)
3 0x0000000080001756 (0x00a78023)
3 0x000000008000175a (0x03f10713) x14 0x00000000800226af
3 0x000000008000175e (0x00a00793) x15 0x000000000000000a
3 0x0000000080001760 (0xfc077713) x14 0x0000000080022680
3 0x0000000080001764 (0x00f50963)
3 0x0000000080001768 (0x04000793) x15 0x0000000000000040
3 0x000000008000176c (0x00f68563)
3 0x0000000080001770 (0x00000513) x10 0x0000000000000000
3 0x0000000080001772 (0x08010113) x 2 0x00000000800226f0
3 0x0000000080001774 (0x00008067)
3 0x000000008000145a (0x00044503) x10 0x0000000000000020
3 0x000000008000145e (0xff451ae3)
3 0x0000000080001452 (0x04050263)
3 0x0000000080001454 (0x009005b3) x11 0x0000000000000000
3 0x0000000080001456 (0x00140413) x 8 0x000000008000267d
3 0x0000000080001458 (0x000900e7) x 1 0x000000008000145a
3 0x0000000080001742 (0x04022803) x16 0x0000000000000004
3 0x0000000080001746 (0x00020793) x15 0x0000000080002980
3 0x000000008000174a (0x010787b3) x15 0x0000000080002984
3 0x000000008000174c (0xf8010113) x 2 0x0000000080022670
3 0x000000008000174e (0x0018069b) x13 0x0000000000000005
3 0x0000000080001752 (0x04d22023)
3 0x0000000080001756 (0x00a78023)
3 0x000000008000175a (0x03f10713) x14 0x00000000800226af
3 0x000000008000175e (0x00a00793) x15 0x000000000000000a
3 0x0000000080001760 (0xfc077713) x14 0x0000000080022680
3 0x0000000080001764 (0x00f50963)
3 0x0000000080001768 (0x04000793) x15 0x0000000000000040
3 0x000000008000176c (0x00f68563)
3 0x0000000080001770 (0x00000513) x10 0x0000000000000000
3 0x0000000080001772 (0x08010113) x 2 0x00000000800226f0
3 0x0000000080001774 (0x00008067)
3 0x000000008000145a (0x00044503) x10 0x000000000000003d
3 0x000000008000145e (0xff451ae3)
3 0x0000000080001452 (0x04050263)
3 0x0000000080001454 (0x009005b3) x11 0x0000000000000000
3 0x0000000080001456 (0x00140413) x 8 0x000000008000267e
3 0x0000000080001458 (0x000900e7) x 1 0x000000008000145a
3 0x0000000080001742 (0x04022803) x16 0x0000000000000005
3 0x0000000080001746 (0x00020793) x15 0x0000000080002980
3 0x000000008000174a (0x010787b3) x15 0x0000000080002985
3 0x000000008000174c (0xf8010113) x 2 0x0000000080022670
3 0x000000008000174e (0x0018069b) x13 0x0000000000000006
3 0x0000000080001752 (0x04d22023)
3 0x0000000080001756 (0x00a78023)
3 0x000000008000175a (0x03f10713) x14 0x00000000800226af
3 0x000000008000175e (0x00a00793) x15 0x000000000000000a
3 0x0000000080001760 (0xfc077713) x14 0x0000000080022680
3 0x0000000080001764 (0x00f50963)
3 0x0000000080001768 (0x04000793) x15 0x0000000000000040
3 0x000000008000176c (0x00f68563)
3 0x0000000080001770 (0x00000513) x10 0x0000000000000000
3 0x0000000080001772 (0x08010113) x 2 0x00000000800226f0
3 0x0000000080001774 (0x00008067)
3 0x000000008000145a (0x00044503) x10 0x0000000000000020
3 0x000000008000145e (0xff451ae3)
3 0x0000000080001452 (0x04050263)
3 0x0000000080001454 (0x009005b3) x11 0x0000000000000000
3 0x0000000080001456 (0x00140413) x 8 0x000000008000267f
3 0x0000000080001458 (0x000900e7) x 1 0x000000008000145a
3 0x0000000080001742 (0x04022803) x16 0x0000000000000006
3 0x0000000080001746 (0x00020793) x15 0x0000000080002980
3 0x000000008000174a (0x010787b3) x15 0x0000000080002986
3 0x000000008000174c (0xf8010113) x 2 0x0000000080022670
3 0x000000008000174e (0x0018069b) x13 0x0000000000000007
3 0x0000000080001752 (0x04d22023)
3 0x0000000080001756 (0x00a78023)
3 0x000000008000175a (0x03f10713) x14 0x00000000800226af
3 0x000000008000175e (0x00a00793) x15 0x000000000000000a
3 0x0000000080001760 (0xfc077713) x14 0x0000000080022680
3 0x0000000080001764 (0x00f50963)
3 0x0000000080001768 (0x04000793) x15 0x0000000000000040
3 0x000000008000176c (0x00f68563)
3 0x0000000080001770 (0x00000513) x10 0x0000000000000000
3 0x0000000080001772 (0x08010113) x 2 0x00000000800226f0
3 0x0000000080001774 (0x00008067)
3 0x000000008000145a (0x00044503) x10 0x0000000000000025
3 0x000000008000145e (0xff451ae3)
3 0x0000000080001462 (0x00144683) x13 0x0000000000000030
3 0x0000000080001466 (0x00140c93) x25 0x0000000080002680
3 0x000000008000146a (0x01900733) x14 0x0000000080002680
3 0x000000008000146c (0x02000b93) x23 0x0000000000000020
3 0x0000000080001470 (0xfff00993) x19 0xffffffffffffffff
3 0x0000000080001472 (0xfff00c13) x24 0xffffffffffffffff
3 0x0000000080001474 (0x00000593) x11 0x0000000000000000
3 0x0000000080001476 (0x05500613) x12 0x0000000000000055
3 0x000000008000147a (0x00900513) x10 0x0000000000000009
3 0x000000008000147c (0xfdd6879b) x15 0x000000000000000d
3 0x0000000080001480 (0x0ff7f793) x15 0x000000000000000d
3 0x0000000080001484 (0x00170413) x 8 0x0000000080002681
3 0x0000000080001488 (0x1ef66963)
3 0x000000008000148c (0x00279793) x15 0x0000000000000034
3 0x000000008000148e (0x015787b3) x15 0x00000000800022dc
3 0x0000000080001490 (0x0007a783) x15 0xfffffffffffff34e
3 0x0000000080001492 (0x015787b3) x15 0x00000000800015f6
3 0x0000000080001494 (0x00078067)
3 0x00000000800015f6 (0x00174683) x13 0x0000000000000038
3 0x00000000800015fa (0x03000b93) x23 0x0000000000000030
3 0x00000000800015fe (0x00800733) x14 0x0000000080002681
3 0x0000000080001600 (0xe7dff06f)
3 0x000000008000147c (0xfdd6879b) x15 0x0000000000000015
3 0x0000000080001480 (0x0ff7f793) x15 0x0000000000000015
3 0x0000000080001484 (0x00170413) x 8 0x0000000080002682
3 0x0000000080001488 (0x1ef66963)
3 0x000000008000148c (0x00279793) x15 0x0000000000000054
3 0x000000008000148e (0x015787b3) x15 0x00000000800022fc
3 0x0000000080001490 (0x0007a783) x15 0xfffffffffffff35a
3 0x0000000080001492 (0x015787b3) x15 0x0000000080001602
3 0x0000000080001494 (0x00078067)
3 0x0000000080001602 (0xfd06899b) x19 0x0000000000000008
3 0x0000000080001606 (0x00174683) x13 0x0000000000000078
3 0x000000008000160a (0x00800733) x14 0x0000000080002682
3 0x000000008000160c (0xfd06879b) x15 0x0000000000000048
3 0x0000000080001610 (0x0006881b) x16 0x0000000000000078
3 0x0000000080001614 (0xfaf56ce3)
3 0x00000000800015cc (0xea0c58e3)
3 0x00000000800015d0 (0x01300c33) x24 0x0000000000000008
3 0x00000000800015d2 (0xfff00993) x19 0xffffffffffffffff
3 0x00000000800015d4 (0xea9ff06f)
3 0x000000008000147c (0xfdd6879b) x15 0x0000000000000055
3 0x0000000080001480 (0x0ff7f793) x15 0x0000000000000055
3 0x0000000080001484 (0x00170413) x 8 0x0000000080002683
3 0x0000000080001488 (0x1ef66963)
3 0x000000008000148c (0x00279793) x15 0x0000000000000154
3 0x000000008000148e (0x015787b3) x15 0x00000000800023fc
3 0x0000000080001490 (0x0007a783) x15 0xfffffffffffff314
3 0x0000000080001492 (0x015787b3) x15 0x00000000800015bc
3 0x0000000080001494 (0x00078067)
3 0x00000000800015bc (0x01000713) x14 0x0000000000000010
3 0x00000000800015be (0xef5ff06f)
3 0x00000000800014b2 (0x00100793) x15 0x0000000000000001
3 0x00000000800014b4 (0x008b0693) x13 0x0000000080022880
3 0x00000000800014b8 (0x0eb7d463)
3 0x00000000800015a0 (0xf0059ee3)
3 0x00000000800015a2 (0x000b6783) x15 0x0000000000000000
3 0x00000000800015a6 (0x00d00b33) x22 0x0000000080022880
3 0x00000000800015a8 (0xf1bff06f)
3 0x00000000800014c2 (0x02e7f6b3) x13 0x0000000000000000
3 0x00000000800014c6 (0x000b8b9b) x23 0x0000000000000030
3 0x00000000800014c8 (0x00410613) x12 0x00000000800226f4
3 0x00000000800014ca (0x00100993) x19 0x0000000000000001
3 0x00000000800014cc (0x00d12023)
3 0x00000000800014ce (0x00e7f463)
3 0x00000000800014d2 (0x1b40006f)
3 0x0000000080001686 (0x00100793) x15 0x0000000000000001
3 0x0000000080001688 (0x00000993) x19 0x0000000000000000
3 0x000000008000168a (0x00100c93) x25 0x0000000000000001
3 0x000000008000168c (0xe787c2e3)
3 0x00000000800014f0 (0x000c0c1b) x24 0x0000000000000008
3 0x00000000800014f2 (0xfffc0c1b) x24 0x0000000000000007
3 0x00000000800014f4 (0x009005b3) x11 0x0000000000000000
3 0x00000000800014f6 (0x01700533) x10 0x0000000000000030
3 0x00000000800014f8 (0x000900e7) x 1 0x00000000800014fa
3 0x0000000080001742 (0x04022803) x16 0x0000000000000007
3 0x0000000080001746 (0x00020793) x15 0x0000000080002980
3 0x000000008000174a (0x010787b3) x15 0x0000000080002987
3 0x000000008000174c (0xf8010113) x 2 0x0000000080022670
3 0x000000008000174e (0x0018069b) x13 0x0000000000000008
3 0x0000000080001752 (0x04d22023)
3 0x0000000080001756 (0x00a78023)
3 0x000000008000175a (0x03f10713) x14 0x00000000800226af
3 0x000000008000175e (0x00a00793) x15 0x000000000000000a
3 0x0000000080001760 (0xfc077713) x14 0x0000000080022680
3 0x0000000080001764 (0x00f50963)
3 0x0000000080001768 (0x04000793) x15 0x0000000000000040
3 0x000000008000176c (0x00f68563)
3 0x0000000080001770 (0x00000513) x10 0x0000000000000000
3 0x0000000080001772 (0x08010113) x 2 0x00000000800226f0
3 0x0000000080001774 (0x00008067)
3 0x00000000800014fa (0xff8ccce3)
3 0x00000000800014f2 (0xfffc0c1b) x24 0x0000000000000006
3 0x00000000800014f4 (0x009005b3) x11 0x0000000000000000
3 0x00000000800014f6 (0x01700533) x10 0x0000000000000030
3 0x00000000800014f8 (0x000900e7) x 1 0x00000000800014fa
3 0x0000000080001742 (0x04022803) x16 0x0000000000000008
3 0x0000000080001746 (0x00020793) x15 0x0000000080002980
3 0x000000008000174a (0x010787b3) x15 0x0000000080002988
3 0x000000008000174c (0xf8010113) x 2 0x0000000080022670
3 0x000000008000174e (0x0018069b) x13 0x0000000000000009
3 0x0000000080001752 (0x04d22023)
3 0x0000000080001756 (0x00a78023)
3 0x000000008000175a (0x03f10713) x14 0x00000000800226af
3 0x000000008000175e (0x00a00793) x15 0x000000000000000a
3 0x0000000080001760 (0xfc077713) x14 0x0000000080022680
3 0x0000000080001764 (0x00f50963)
3 0x0000000080001768 (0x04000793) x15 0x0000000000000040
3 0x000000008000176c (0x00f68563)
3 0x0000000080001770 (0x00000513) x10 0x0000000000000000
3 0x0000000080001772 (0x08010113) x 2 0x00000000800226f0
3 0x0000000080001774 (0x00008067)
3 0x00000000800014fa (0xff8ccce3)
3 0x00000000800014f2 (0xfffc0c1b) x24 0x0000000000000005
3 0x00000000800014f4 (0x009005b3) x11 0x0000000000000000
3 0x00000000800014f6 (0x01700533) x10 0x0000000000000030
3 0x00000000800014f8 (0x000900e7) x 1 0x00000000800014fa
3 0x0000000080001742 (0x04022803) x16 0x0000000000000009
3 0x0000000080001746 (0x00020793) x15 0x0000000080002980
3 0x000000008000174a (0x010787b3) x15 0x0000000080002989
3 0x000000008000174c (0xf8010113) x 2 0x0000000080022670
3 0x000000008000174e (0x0018069b) x13 0x000000000000000a
3 0x0000000080001752 (0x04d22023)
3 0x0000000080001756 (0x00a78023)
3 0x000000008000175a (0x03f10713) x14 0x00000000800226af
3 0x000000008000175e (0x00a00793) x15 0x000000000000000a
3 0x0000000080001760 (0xfc077713) x14 0x0000000080022680
3 0x0000000080001764 (0x00f50963)
3 0x0000000080001768 (0x04000793) x15 0x0000000000000040
3 0x000000008000176c (0x00f68563)
3 0x0000000080001770 (0x00000513) x10 0x0000000000000000
3 0x0000000080001772 (0x08010113) x 2 0x00000000800226f0
3 0x0000000080001774 (0x00008067)
3 0x00000000800014fa (0xff8ccce3)
3 0x00000000800014f2 (0xfffc0c1b) x24 0x0000000000000004
3 0x00000000800014f4 (0x009005b3) x11 0x0000000000000000
3 0x00000000800014f6 (0x01700533) x10 0x0000000000000030
3 0x00000000800014f8 (0x000900e7) x 1 0x00000000800014fa
3 0x0000000080001742 (0x04022803) x16 0x000000000000000a
3 0x0000000080001746 (0x00020793) x15 0x0000000080002980
3 0x000000008000174a (0x010787b3) x15 0x000000008000298a
3 0x000000008000174c (0xf8010113) x 2 0x0000000080022670
3 0x000000008000174e (0x0018069b) x13 0x000000000000000b
3 0x0000000080001752 (0x04d22023)
3 0x0000000080001756 (0x00a78023)
3 0x000000008000175a (0x03f10713) x14 0x00000000800226af
3 0x000000008000175e (0x00a00793) x15 0x000000000000000a
3 0x0000000080001760 (0xfc077713) x14 0x0000000080022680
3 0x0000000080001764 (0x00f50963)
3 0x0000000080001768 (0x04000793) x15 0x0000000000000040
3 0x000000008000176c (0x00f68563)
3 0x0000000080001770 (0x00000513) x10 0x0000000000000000
3 0x0000000080001772 (0x08010113) x 2 0x00000000800226f0
3 0x0000000080001774 (0x00008067)
3 0x00000000800014fa (0xff8ccce3)
3 0x00000000800014f2 (0xfffc0c1b) x24 0x0000000000000003
3 0x00000000800014f4 (0x009005b3) x11 0x0000000000000000
3 0x00000000800014f6 (0x01700533) x10 0x0000000000000030
3 0x00000000800014f8 (0x000900e7) x 1 0x00000000800014fa
3 0x0000000080001742 (0x04022803) x16 0x000000000000000b
3 0x0000000080001746 (0x00020793) x15 0x0000000080002980
3 0x000000008000174a (0x010787b3) x15 0x000000008000298b
3 0x000000008000174c (0xf8010113) x 2 0x0000000080022670
3 0x000000008000174e (0x0018069b) x13 0x000000000000000c
3 0x0000000080001752 (0x04d22023)
3 0x0000000080001756 (0x00a78023)
3 0x000000008000175a (0x03f10713) x14 0x00000000800226af
3 0x000000008000175e (0x00a00793) x15 0x000000000000000a
3 0x0000000080001760 (0xfc077713) x14 0x0000000080022680
3 0x0000000080001764 (0x00f50963)
3 0x0000000080001768 (0x04000793) x15 0x0000000000000040
3 0x000000008000176c (0x00f68563)
3 0x0000000080001770 (0x00000513) x10 0x0000000000000000
3 0x0000000080001772 (0x08010113) x 2 0x00000000800226f0
3 0x0000000080001774 (0x00008067)
3 0x00000000800014fa (0xff8ccce3)
3 0x00000000800014f2 (0xfffc0c1b) x24 0x0000000000000002
3 0x00000000800014f4 (0x009005b3) x11 0x0000000000000000
3 0x00000000800014f6 (0x01700533) x10 0x0000000000000030
3 0x00000000800014f8 (0x000900e7) x 1 0x00000000800014fa
3 0x0000000080001742 (0x04022803) x16 0x000000000000000c
3 0x0000000080001746 (0x00020793) x15 0x0000000080002980
3 0x000000008000174a (0x010787b3) x15 0x000000008000298c
3 0x000000008000174c (0xf8010113) x 2 0x0000000080022670
3 0x000000008000174e (0x0018069b) x13 0x000000000000000d
3 0x0000000080001752 (0x04d22023)
3 0x0000000080001756 (0x00a78023)
3 0x000000008000175a (0x03f10713) x14 0x00000000800226af
3 0x000000008000175e (0x00a00793) x15 0x000000000000000a
3 0x0000000080001760 (0xfc077713) x14 0x0000000080022680
3 0x0000000080001764 (0x00f50963)
3 0x0000000080001768 (0x04000793) x15 0x0000000000000040
3 0x000000008000176c (0x00f68563)
3 0x0000000080001770 (0x00000513) x10 0x0000000000000000
3 0x0000000080001772 (0x08010113) x 2 0x00000000800226f0
3 0x0000000080001774 (0x00008067)
3 0x00000000800014fa (0xff8ccce3)
3 0x00000000800014f2 (0xfffc0c1b) x24 0x0000000000000001
3 0x00000000800014f4 (0x009005b3) x11 0x0000000000000000
3 0x00000000800014f6 (0x01700533) x10 0x0000000000000030
3 0x00000000800014f8 (0x000900e7) x 1 0x00000000800014fa
3 0x0000000080001742 (0x04022803) x16 0x000000000000000d
3 0x0000000080001746 (0x00020793) x15 0x0000000080002980
3 0x000000008000174a (0x010787b3) x15 0x000000008000298d
3 0x000000008000174c (0xf8010113) x 2 0x0000000080022670
3 0x000000008000174e (0x0018069b) x13 0x000000000000000e
3 0x0000000080001752 (0x04d22023)
3 0x0000000080001756 (0x00a78023)
3 0x000000008000175a (0x03f10713) x14 0x00000000800226af
3 0x000000008000175e (0x00a00793) x15 0x000000000000000a
3 0x0000000080001760 (0xfc077713) x14 0x0000000080022680
3 0x0000000080001764 (0x00f50963)
3 0x0000000080001768 (0x04000793) x15 0x0000000000000040
3 0x000000008000176c (0x00f68563)
3 0x0000000080001770 (0x00000513) x10 0x0000000000000000
3 0x0000000080001772 (0x08010113) x 2 0x00000000800226f0
3 0x0000000080001774 (0x00008067)
3 0x00000000800014fa (0xff8ccce3)
3 0x00000000800014fe (0x00299793) x15 0x0000000000000000
3 0x0000000080001502 (0x10010713) x14 0x00000000800227f0
3 0x0000000080001504 (0x00e787b3) x15 0x00000000800227f0
3 0x0000000080001506 (0xf007a683) x13 0x0000000000000000
3 0x000000008000150a (0xfff98b9b) x23 0xffffffffffffffff
3 0x000000008000150e (0x002b9b93) x23 0xfffffffffffffffc
3 0x0000000080001510 (0x002b8bb3) x23 0x00000000800226ec
3 0x0000000080001512 (0x00900c13) x24 0x0000000000000009
3 0x0000000080001514 (0x00a0006f)
3 0x000000008000151e (0x03000513) x10 0x0000000000000030
3 0x0000000080001522 (0x00dc7463)
3 0x000000008000152a (0x009005b3) x11 0x0000000000000000
3 0x000000008000152c (0x00d5053b) x10 0x0000000000000030
3 0x000000008000152e (0x000900e7) x 1 0x0000000080001530
3 0x0000000080001742 (0x04022803) x16 0x000000000000000e
3 0x0000000080001746 (0x00020793) x15 0x0000000080002980
3 0x000000008000174a (0x010787b3) x15 0x000000008000298e
3 0x000000008000174c (0xf8010113) x 2 0x0000000080022670
3 0x000000008000174e (0x0018069b) x13 0x000000000000000f
3 0x0000000080001752 (0x04d22023)
3 0x0000000080001756 (0x00a78023)
3 0x000000008000175a (0x03f10713) x14 0x00000000800226af
3 0x000000008000175e (0x00a00793) x15 0x000000000000000a
3 0x0000000080001760 (0xfc077713) x14 0x0000000080022680
3 0x0000000080001764 (0x00f50963)
3 0x0000000080001768 (0x04000793) x15 0x0000000000000040
3 0x000000008000176c (0x00f68563)
3 0x0000000080001770 (0x00000513) x10 0x0000000000000000
3 0x0000000080001772 (0x08010113) x 2 0x00000000800226f0
3 0x0000000080001774 (0x00008067)
3 0x0000000080001530 (0x0009879b) x15 0x0000000000000000
3 0x0000000080001534 (0xfef041e3)
3 0x0000000080001538 (0xf23ff06f)
3 0x000000008000145a (0x00044503) x10 0x000000000000000a
3 0x000000008000145e (0xff451ae3)
3 0x0000000080001452 (0x04050263)
3 0x0000000080001454 (0x009005b3) x11 0x0000000000000000
3 0x0000000080001456 (0x00140413) x 8 0x0000000080002684
3 0x0000000080001458 (0x000900e7) x 1 0x000000008000145a
3 0x0000000080001742 (0x04022803) x16 0x000000000000000f
3 0x0000000080001746 (0x00020793) x15 0x0000000080002980
3 0x000000008000174a (0x010787b3) x15 0x000000008000298f
3 0x000000008000174c (0xf8010113) x 2 0x0000000080022670
3 0x000000008000174e (0x0018069b) x13 0x0000000000000010
3 0x0000000080001752 (0x04d22023)
3 0x0000000080001756 (0x00a78023)
3 0x000000008000175a (0x03f10713) x14 0x00000000800226af
3 0x000000008000175e (0x00a00793) x15 0x000000000000000a
3 0x0000000080001760 (0xfc077713) x14 0x0000000080022680
3 0x0000000080001764 (0x00f50963)
3 0x0000000080001776 (0x04000793) x15 0x0000000000000040
3 0x000000008000177a (0x00f73023)
3 0x000000008000177c (0x00100793) x15 0x0000000000000001
3 0x000000008000177e (0x00f73423)
3 0x0000000080001780 (0x00020613) x12 0x0000000080002980
3 0x0000000080001784 (0x00c73823)
3 0x0000000080001786 (0x00d73c23)
3 0x0000000080001788 (0x0ff0000f)
